<?xml version="1.0" encoding="UTF-8"?>
<!-- Generated by org.testng.reporters.JUnitReportReporter -->
<testsuite hostname="LTIN292975" failures="0" tests="1" name="com.swag.testcases.AddToCartFunctionalityTest" time="0.345" errors="0" timestamp="2024-09-27T17:49:16 IST" skipped="0">
  <testcase classname="com.swag.testcases.AddToCartFunctionalityTest" name="addToCartFunctionality" time="0.345"/>
  <system-out/>
</testsuite> <!-- com.swag.testcases.AddToCartFunctionalityTest -->
