<?xml version="1.0" encoding="UTF-8"?>
<!-- Generated by org.testng.reporters.JUnitReportReporter -->
<testsuite hostname="LTIN292975" failures="0" tests="1" name="com.swag.testcases.CheckoutFunctionalityTest" time="0.695" errors="0" timestamp="2024-09-27T21:15:37 IST" skipped="0">
  <testcase classname="com.swag.testcases.CheckoutFunctionalityTest" name="checkOutFunctionality" time="0.695"/>
  <system-out/>
</testsuite> <!-- com.swag.testcases.CheckoutFunctionalityTest -->
