<?xml version="1.0" encoding="UTF-8"?>
<!-- Generated by org.testng.reporters.JUnitReportReporter -->
<testsuite hostname="LTIN292975" failures="0" tests="1" name="com.swag.testcases.ApplyFilterFunctionalityTest" time="0.278" errors="0" timestamp="2024-09-27T19:43:33 IST" skipped="0">
  <testcase classname="com.swag.testcases.ApplyFilterFunctionalityTest" name="filterFunctionality" time="0.278"/>
  <system-out/>
</testsuite> <!-- com.swag.testcases.ApplyFilterFunctionalityTest -->
